<?xml version="1.0" encoding="UTF-8"?>
<!-- Generated by org.testng.reporters.JUnitXMLReporter -->
<testsuite ignored="0" hostname="LAPTOP-CODJI4BB" failures="2" tests="6" name="Test" time="51.018" errors="0" timestamp="2024-01-19T23:11:23 IST">
  <testcase classname="com.playwright.testcases.LoginSearchTestonFirefox" name="login" time="1.161"/>
  <testcase classname="com.playwright.testcases.LoginSearchTestonEDGE" name="Search" time="0.161">
    <failure type="com.microsoft.playwright.PlaywrightException" message="Object doesn&amp;apos;t exist: response@61c34afdee091d750202ca4a81343ef5">
      <![CDATA[com.microsoft.playwright.PlaywrightException: Object doesn't exist: response@61c34afdee091d750202ca4a81343ef5
at com.microsoft.playwright.impl.Connection.getExistingObject(Connection.java:190)
at com.microsoft.playwright.impl.BrowserContextImpl.handleEvent(BrowserContextImpl.java:735)
at com.microsoft.playwright.impl.Connection.dispatch(Connection.java:290)
at com.microsoft.playwright.impl.Connection.processOneMessage(Connection.java:209)
at com.microsoft.playwright.impl.ChannelOwner.runUntil(ChannelOwner.java:118)
at com.microsoft.playwright.impl.Connection.sendMessage(Connection.java:129)
at com.microsoft.playwright.impl.ChannelOwner.sendMessage(ChannelOwner.java:106)
at com.microsoft.playwright.impl.FrameImpl.fillImpl(FrameImpl.java:335)
at com.microsoft.playwright.impl.FrameImpl.lambda$fill$14(FrameImpl.java:325)
at com.microsoft.playwright.impl.LoggingSupport.lambda$withLogging$0(LoggingSupport.java:36)
at com.microsoft.playwright.impl.LoggingSupport.withLogging(LoggingSupport.java:47)
at com.microsoft.playwright.impl.ChannelOwner.withLogging(ChannelOwner.java:89)
at com.microsoft.playwright.impl.LoggingSupport.withLogging(LoggingSupport.java:35)
at com.microsoft.playwright.impl.FrameImpl.fill(FrameImpl.java:325)
at com.microsoft.playwright.impl.LocatorImpl.fill(LocatorImpl.java:210)
at com.microsoft.playwright.Locator.fill(Locator.java:2908)
at com.playwright.testcases.LoginSearchTestonEDGE.Search(LoginSearchTestonEDGE.java:55)
at java.base/java.util.concurrent.ThreadPoolExecutor.runWorker(ThreadPoolExecutor.java:1144)
at java.base/java.util.concurrent.ThreadPoolExecutor$Worker.run(ThreadPoolExecutor.java:642)
at java.base/java.lang.Thread.run(Thread.java:1583)
... Removed 10 stack frames]]>
    </failure>
  </testcase> <!-- Search -->
  <testcase classname="com.playwright.testcases.LoginSearchTestonChrome" name="login" time="1.509"/>
  <testcase classname="com.playwright.testcases.LoginSearchTestonEDGE" name="login" time="1.54"/>
  <testcase classname="com.playwright.testcases.LoginSearchTestonFirefox" name="Search" time="3.315"/>
  <testcase classname="com.playwright.testcases.LoginSearchTestonChrome" name="Search" time="30.012">
    <failure type="com.microsoft.playwright.TimeoutError" message="Error {
  message=&amp;apos;Timeout 30000ms exceeded.
  name=&amp;apos;TimeoutError
  stack=&amp;apos;TimeoutError: Timeout 30000ms exceeded.
    at ProgressController.run (C:\Users\91995\AppData\Local\Temp\playwright-java-12444968829656750977\package\lib\server\progress.js:87:26)
    at Frame.fill (C:\Users\91995\AppData\Local\Temp\playwright-java-12444968829656750977\package\lib\server\frames.js:1039:23)
    at FrameDispatcher.fill (C:\Users\91995\AppData\Local\Temp\playwright-java-12444968829656750977\package\lib\server\dispatchers\frameDispatcher.js:164:30)
    at FrameDispatcher._handleCommand (C:\Users\91995\AppData\Local\Temp\playwright-java-12444968829656750977\package\lib\server\dispatchers\dispatcher.js:84:40)
    at DispatcherConnection.dispatch (C:\Users\91995\AppData\Local\Temp\playwright-java-12444968829656750977\package\lib\server\dispatchers\dispatcher.js:351:39)
}
Call log:
- waiting for getByPlaceholder(&amp;quot;Search Amazon.in&amp;quot;)
">
      <![CDATA[com.microsoft.playwright.TimeoutError: Error {
  message='Timeout 30000ms exceeded.
  name='TimeoutError
  stack='TimeoutError: Timeout 30000ms exceeded.
    at ProgressController.run (C:\Users\91995\AppData\Local\Temp\playwright-java-12444968829656750977\package\lib\server\progress.js:87:26)
    at Frame.fill (C:\Users\91995\AppData\Local\Temp\playwright-java-12444968829656750977\package\lib\server\frames.js:1039:23)
    at FrameDispatcher.fill (C:\Users\91995\AppData\Local\Temp\playwright-java-12444968829656750977\package\lib\server\dispatchers\frameDispatcher.js:164:30)
    at FrameDispatcher._handleCommand (C:\Users\91995\AppData\Local\Temp\playwright-java-12444968829656750977\package\lib\server\dispatchers\dispatcher.js:84:40)
    at DispatcherConnection.dispatch (C:\Users\91995\AppData\Local\Temp\playwright-java-12444968829656750977\package\lib\server\dispatchers\dispatcher.js:351:39)
}
Call log:
- waiting for getByPlaceholder("Search Amazon.in")

at com.microsoft.playwright.impl.WaitableResult.get(WaitableResult.java:52)
at com.microsoft.playwright.impl.ChannelOwner.runUntil(ChannelOwner.java:120)
at com.microsoft.playwright.impl.Connection.sendMessage(Connection.java:129)
at com.microsoft.playwright.impl.ChannelOwner.sendMessage(ChannelOwner.java:106)
at com.microsoft.playwright.impl.FrameImpl.fillImpl(FrameImpl.java:335)
at com.microsoft.playwright.impl.FrameImpl.lambda$fill$14(FrameImpl.java:325)
at com.microsoft.playwright.impl.LoggingSupport.lambda$withLogging$0(LoggingSupport.java:36)
at com.microsoft.playwright.impl.LoggingSupport.withLogging(LoggingSupport.java:47)
at com.microsoft.playwright.impl.ChannelOwner.withLogging(ChannelOwner.java:89)
at com.microsoft.playwright.impl.LoggingSupport.withLogging(LoggingSupport.java:35)
at com.microsoft.playwright.impl.FrameImpl.fill(FrameImpl.java:325)
at com.microsoft.playwright.impl.LocatorImpl.fill(LocatorImpl.java:210)
at com.microsoft.playwright.Locator.fill(Locator.java:2908)
at com.playwright.testcases.LoginSearchTestonChrome.Search(LoginSearchTestonChrome.java:55)
at java.base/java.util.concurrent.ThreadPoolExecutor.runWorker(ThreadPoolExecutor.java:1144)
at java.base/java.util.concurrent.ThreadPoolExecutor$Worker.run(ThreadPoolExecutor.java:642)
at java.base/java.lang.Thread.run(Thread.java:1583)
Caused by: com.microsoft.playwright.TimeoutError: Error {
  message='Timeout 30000ms exceeded.
  name='TimeoutError
  stack='TimeoutError: Timeout 30000ms exceeded.
    at ProgressController.run (C:\Users\91995\AppData\Local\Temp\playwright-java-12444968829656750977\package\lib\server\progress.js:87:26)
    at Frame.fill (C:\Users\91995\AppData\Local\Temp\playwright-java-12444968829656750977\package\lib\server\frames.js:1039:23)
    at FrameDispatcher.fill (C:\Users\91995\AppData\Local\Temp\playwright-java-12444968829656750977\package\lib\server\dispatchers\frameDispatcher.js:164:30)
    at FrameDispatcher._handleCommand (C:\Users\91995\AppData\Local\Temp\playwright-java-12444968829656750977\package\lib\server\dispatchers\dispatcher.js:84:40)
    at DispatcherConnection.dispatch (C:\Users\91995\AppData\Local\Temp\playwright-java-12444968829656750977\package\lib\server\dispatchers\dispatcher.js:351:39)
}
Call log:
- waiting for getByPlaceholder("Search Amazon.in")

at com.microsoft.playwright.impl.Connection.dispatch(Connection.java:252)
at com.microsoft.playwright.impl.Connection.processOneMessage(Connection.java:209)
at com.microsoft.playwright.impl.ChannelOwner.runUntil(ChannelOwner.java:118)
... 25 more
... Removed 10 stack frames]]>
    </failure>
  </testcase> <!-- Search -->
</testsuite> <!-- Test -->
