<?xml version="1.0" encoding="UTF-8"?>
<testsuite xmlns:xsi="http://www.w3.org/2001/XMLSchema-instance" xsi:noNamespaceSchemaLocation="https://maven.apache.org/surefire/maven-surefire-plugin/xsd/surefire-test-report-3.0.xsd" version="3.0" name="TestSuite" time="77.622" tests="6" errors="0" skipped="0" failures="2">
  <properties>
[...]
</properties>
  <testcase name="login" classname="com.playwright.testcases.LoginSearchTestonChrome" time="3.578">
    <system-out><![CDATA[CHROME - INSIDE BEFORE TEST SETUP
EDGE - INSIDE BEFORE TEST SETUP
FF - INSIDE BEFORE TEST SETUP
FF - INSIDE LOGIN TEST 
CHROME - INSIDE LOGIN TEST 
EDGE - INSIDE LOGIN TEST
]]></system-out>
    <system-err><![CDATA[SLF4J: Failed to load class "org.slf4j.impl.StaticLoggerBinder".
SLF4J: Defaulting to no-operation (NOP) logger implementation
SLF4J: See http://www.slf4j.org/codes.html#StaticLoggerBinder for further details.
]]></system-err>
  </testcase>
  <testcase name="Search" classname="com.playwright.testcases.LoginSearchTestonChrome" time="6.292"/>
  <testcase name="login" classname="com.playwright.testcases.LoginSearchTestonFirefox" time="0.145">
    <system-out><![CDATA[EDGE - INSIDE SEARCH TEST
]]></system-out>
  </testcase>
  <testcase name="Search" classname="com.playwright.testcases.LoginSearchTestonFirefox" time="35.238">
    <failure message="Error {&#10;  message=&apos;Timeout 30000ms exceeded.&#10;  name=&apos;TimeoutError&#10;  stack=&apos;TimeoutError: Timeout 30000ms exceeded.&#10;    at ProgressController.run (C:\Users\91995\AppData\Local\Temp\playwright-java-13558940533788547584\package\lib\server\progress.js:87:26)&#10;    at Frame.click (C:\Users\91995\AppData\Local\Temp\playwright-java-13558940533788547584\package\lib\server\frames.js:995:23)&#10;    at FrameDispatcher.click (C:\Users\91995\AppData\Local\Temp\playwright-java-13558940533788547584\package\lib\server\dispatchers\frameDispatcher.js:152:30)&#10;    at FrameDispatcher._handleCommand (C:\Users\91995\AppData\Local\Temp\playwright-java-13558940533788547584\package\lib\server\dispatchers\dispatcher.js:84:40)&#10;    at DispatcherConnection.dispatch (C:\Users\91995\AppData\Local\Temp\playwright-java-13558940533788547584\package\lib\server\dispatchers\dispatcher.js:351:39)&#10;}&#10;Call log:&#10;- waiting for getByPlaceholder(&quot;Search Product&quot;)&#10;" type="com.microsoft.playwright.TimeoutError"><![CDATA[com.microsoft.playwright.TimeoutError: 
Error {
  message='Timeout 30000ms exceeded.
  name='TimeoutError
  stack='TimeoutError: Timeout 30000ms exceeded.
    at ProgressController.run (C:\Users\91995\AppData\Local\Temp\playwright-java-13558940533788547584\package\lib\server\progress.js:87:26)
    at Frame.click (C:\Users\91995\AppData\Local\Temp\playwright-java-13558940533788547584\package\lib\server\frames.js:995:23)
    at FrameDispatcher.click (C:\Users\91995\AppData\Local\Temp\playwright-java-13558940533788547584\package\lib\server\dispatchers\frameDispatcher.js:152:30)
    at FrameDispatcher._handleCommand (C:\Users\91995\AppData\Local\Temp\playwright-java-13558940533788547584\package\lib\server\dispatchers\dispatcher.js:84:40)
    at DispatcherConnection.dispatch (C:\Users\91995\AppData\Local\Temp\playwright-java-13558940533788547584\package\lib\server\dispatchers\dispatcher.js:351:39)
}
Call log:
- waiting for getByPlaceholder("Search Product")

	at com.microsoft.playwright.impl.WaitableResult.get(WaitableResult.java:52)
	at com.microsoft.playwright.impl.ChannelOwner.runUntil(ChannelOwner.java:120)
	at com.microsoft.playwright.impl.Connection.sendMessage(Connection.java:129)
	at com.microsoft.playwright.impl.ChannelOwner.sendMessage(ChannelOwner.java:106)
	at com.microsoft.playwright.impl.FrameImpl.clickImpl(FrameImpl.java:252)
	at com.microsoft.playwright.impl.FrameImpl.lambda$click$8(FrameImpl.java:243)
	at com.microsoft.playwright.impl.LoggingSupport.lambda$withLogging$0(LoggingSupport.java:36)
	at com.microsoft.playwright.impl.LoggingSupport.withLogging(LoggingSupport.java:47)
	at com.microsoft.playwright.impl.ChannelOwner.withLogging(ChannelOwner.java:89)
	at com.microsoft.playwright.impl.LoggingSupport.withLogging(LoggingSupport.java:35)
	at com.microsoft.playwright.impl.FrameImpl.click(FrameImpl.java:243)
	at com.microsoft.playwright.impl.LocatorImpl.click(LocatorImpl.java:140)
	at com.microsoft.playwright.Locator.click(Locator.java:2348)
	at com.playwright.testcases.LoginSearchTestonFirefox.Search(LoginSearchTestonFirefox.java:53)
	at java.base/jdk.internal.reflect.DirectMethodHandleAccessor.invoke(DirectMethodHandleAccessor.java:103)
	at java.base/java.lang.reflect.Method.invoke(Method.java:580)
	at org.testng.internal.invokers.MethodInvocationHelper.invokeMethod(MethodInvocationHelper.java:139)
	at org.testng.internal.invokers.TestInvoker.invokeMethod(TestInvoker.java:664)
	at org.testng.internal.invokers.TestInvoker.invokeTestMethod(TestInvoker.java:227)
	at org.testng.internal.invokers.MethodRunner.runInSequence(MethodRunner.java:50)
	at org.testng.internal.invokers.TestInvoker$MethodInvocationAgent.invoke(TestInvoker.java:957)
	at org.testng.internal.invokers.TestInvoker.invokeTestMethods(TestInvoker.java:200)
	at org.testng.internal.invokers.TestMethodWorker.invokeTestMethods(TestMethodWorker.java:148)
	at org.testng.internal.invokers.TestMethodWorker.run(TestMethodWorker.java:128)
	at java.base/java.util.concurrent.ThreadPoolExecutor.runWorker(ThreadPoolExecutor.java:1144)
	at java.base/java.util.concurrent.ThreadPoolExecutor$Worker.run(ThreadPoolExecutor.java:642)
	at java.base/java.lang.Thread.run(Thread.java:1583)
Caused by: com.microsoft.playwright.TimeoutError: Error {
  message='Timeout 30000ms exceeded.
  name='TimeoutError
  stack='TimeoutError: Timeout 30000ms exceeded.
    at ProgressController.run (C:\Users\91995\AppData\Local\Temp\playwright-java-13558940533788547584\package\lib\server\progress.js:87:26)
    at Frame.click (C:\Users\91995\AppData\Local\Temp\playwright-java-13558940533788547584\package\lib\server\frames.js:995:23)
    at FrameDispatcher.click (C:\Users\91995\AppData\Local\Temp\playwright-java-13558940533788547584\package\lib\server\dispatchers\frameDispatcher.js:152:30)
    at FrameDispatcher._handleCommand (C:\Users\91995\AppData\Local\Temp\playwright-java-13558940533788547584\package\lib\server\dispatchers\dispatcher.js:84:40)
    at DispatcherConnection.dispatch (C:\Users\91995\AppData\Local\Temp\playwright-java-13558940533788547584\package\lib\server\dispatchers\dispatcher.js:351:39)
}
Call log:
- waiting for getByPlaceholder("Search Product")

	at com.microsoft.playwright.impl.Connection.dispatch(Connection.java:252)
	at com.microsoft.playwright.impl.Connection.processOneMessage(Connection.java:209)
	at com.microsoft.playwright.impl.ChannelOwner.runUntil(ChannelOwner.java:118)
	... 25 more
]]></failure>
  </testcase>
  <testcase name="login" classname="com.playwright.testcases.LoginSearchTestonEDGE" time="9.359">
    <failure message="Object doesn&apos;t exist: frame@ddd162b83fa7634d6d293591ebec9ab6" type="com.microsoft.playwright.PlaywrightException"><![CDATA[com.microsoft.playwright.PlaywrightException: Object doesn't exist: frame@ddd162b83fa7634d6d293591ebec9ab6
	at com.microsoft.playwright.impl.Connection.getExistingObject(Connection.java:190)
	at com.microsoft.playwright.impl.PageImpl.handleEvent(PageImpl.java:157)
	at com.microsoft.playwright.impl.Connection.dispatch(Connection.java:290)
	at com.microsoft.playwright.impl.Connection.processOneMessage(Connection.java:209)
	at com.microsoft.playwright.impl.ChannelOwner.runUntil(ChannelOwner.java:118)
	at com.microsoft.playwright.impl.Connection.sendMessage(Connection.java:129)
	at com.microsoft.playwright.impl.ChannelOwner.sendMessage(ChannelOwner.java:106)
	at com.microsoft.playwright.impl.FrameImpl.clickImpl(FrameImpl.java:252)
	at com.microsoft.playwright.impl.FrameImpl.lambda$click$8(FrameImpl.java:243)
	at com.microsoft.playwright.impl.LoggingSupport.lambda$withLogging$0(LoggingSupport.java:36)
	at com.microsoft.playwright.impl.LoggingSupport.withLogging(LoggingSupport.java:47)
	at com.microsoft.playwright.impl.ChannelOwner.withLogging(ChannelOwner.java:89)
	at com.microsoft.playwright.impl.LoggingSupport.withLogging(LoggingSupport.java:35)
	at com.microsoft.playwright.impl.FrameImpl.click(FrameImpl.java:243)
	at com.microsoft.playwright.impl.LocatorImpl.click(LocatorImpl.java:140)
	at com.microsoft.playwright.Locator.click(Locator.java:2348)
	at com.playwright.testcases.LoginSearchTestonEDGE.login(LoginSearchTestonEDGE.java:47)
	at java.base/jdk.internal.reflect.DirectMethodHandleAccessor.invoke(DirectMethodHandleAccessor.java:103)
	at java.base/java.lang.reflect.Method.invoke(Method.java:580)
	at org.testng.internal.invokers.MethodInvocationHelper.invokeMethod(MethodInvocationHelper.java:139)
	at org.testng.internal.invokers.TestInvoker.invokeMethod(TestInvoker.java:664)
	at org.testng.internal.invokers.TestInvoker.invokeTestMethod(TestInvoker.java:227)
	at org.testng.internal.invokers.MethodRunner.runInSequence(MethodRunner.java:50)
	at org.testng.internal.invokers.TestInvoker$MethodInvocationAgent.invoke(TestInvoker.java:957)
	at org.testng.internal.invokers.TestInvoker.invokeTestMethods(TestInvoker.java:200)
	at org.testng.internal.invokers.TestMethodWorker.invokeTestMethods(TestMethodWorker.java:148)
	at org.testng.internal.invokers.TestMethodWorker.run(TestMethodWorker.java:128)
	at java.base/java.util.concurrent.ThreadPoolExecutor.runWorker(ThreadPoolExecutor.java:1144)
	at java.base/java.util.concurrent.ThreadPoolExecutor$Worker.run(ThreadPoolExecutor.java:642)
	at java.base/java.lang.Thread.run(Thread.java:1583)
]]></failure>
    <system-out><![CDATA[CHROME - INSIDE SEARCH TEST
]]></system-out>
  </testcase>
  <testcase name="Search" classname="com.playwright.testcases.LoginSearchTestonEDGE" time="3.594">
    <system-out><![CDATA[FF - INSIDE SEARCH TEST
]]></system-out>
  </testcase>
</testsuite>