<?xml version="1.0" encoding="UTF-8"?>
<testng-results ignored="0" total="6" passed="4" failed="2" skipped="0">
  <reporter-output>
  </reporter-output>
  <suite started-at="2024-01-21T23:48:18 IST" name="Suite" finished-at="2024-01-21T23:49:35 IST" duration-ms="76833">
    <groups>
    </groups>
    <test started-at="2024-01-21T23:48:18 IST" name="Test" finished-at="2024-01-21T23:49:35 IST" duration-ms="76833">
      <class name="com.playwright.testcases.LoginSearchTestonEDGE">
        <test-method is-config="true" signature="setup()[pri:0, instance:com.playwright.testcases.LoginSearchTestonEDGE@5965be2d]" started-at="2024-01-21T23:48:26 IST" name="setup" finished-at="2024-01-21T23:48:33 IST" duration-ms="6077" status="PASS">
          <reporter-output>
          </reporter-output>
        </test-method> <!-- setup -->
        <test-method signature="login()[pri:1, instance:com.playwright.testcases.LoginSearchTestonEDGE@5965be2d]" started-at="2024-01-21T23:48:39 IST" name="login" finished-at="2024-01-21T23:48:52 IST" duration-ms="13081" status="FAIL">
          <exception class="com.microsoft.playwright.PlaywrightException">
            <message>
              <![CDATA[Object doesn't exist: frame@ddd162b83fa7634d6d293591ebec9ab6]]>
            </message>
            <full-stacktrace>
              <![CDATA[com.microsoft.playwright.PlaywrightException: Object doesn't exist: frame@ddd162b83fa7634d6d293591ebec9ab6
at com.microsoft.playwright.impl.Connection.getExistingObject(Connection.java:190)
at com.microsoft.playwright.impl.PageImpl.handleEvent(PageImpl.java:157)
at com.microsoft.playwright.impl.Connection.dispatch(Connection.java:290)
at com.microsoft.playwright.impl.Connection.processOneMessage(Connection.java:209)
at com.microsoft.playwright.impl.ChannelOwner.runUntil(ChannelOwner.java:118)
at com.microsoft.playwright.impl.Connection.sendMessage(Connection.java:129)
at com.microsoft.playwright.impl.ChannelOwner.sendMessage(ChannelOwner.java:106)
at com.microsoft.playwright.impl.FrameImpl.clickImpl(FrameImpl.java:252)
at com.microsoft.playwright.impl.FrameImpl.lambda$click$8(FrameImpl.java:243)
at com.microsoft.playwright.impl.LoggingSupport.lambda$withLogging$0(LoggingSupport.java:36)
at com.microsoft.playwright.impl.LoggingSupport.withLogging(LoggingSupport.java:47)
at com.microsoft.playwright.impl.ChannelOwner.withLogging(ChannelOwner.java:89)
at com.microsoft.playwright.impl.LoggingSupport.withLogging(LoggingSupport.java:35)
at com.microsoft.playwright.impl.FrameImpl.click(FrameImpl.java:243)
at com.microsoft.playwright.impl.LocatorImpl.click(LocatorImpl.java:140)
at com.microsoft.playwright.Locator.click(Locator.java:2348)
at com.playwright.testcases.LoginSearchTestonEDGE.login(LoginSearchTestonEDGE.java:47)
at java.base/jdk.internal.reflect.DirectMethodHandleAccessor.invoke(DirectMethodHandleAccessor.java:103)
at java.base/java.lang.reflect.Method.invoke(Method.java:580)
at org.testng.internal.invokers.MethodInvocationHelper.invokeMethod(MethodInvocationHelper.java:139)
at org.testng.internal.invokers.TestInvoker.invokeMethod(TestInvoker.java:664)
at org.testng.internal.invokers.TestInvoker.invokeTestMethod(TestInvoker.java:227)
at org.testng.internal.invokers.MethodRunner.runInSequence(MethodRunner.java:50)
at org.testng.internal.invokers.TestInvoker$MethodInvocationAgent.invoke(TestInvoker.java:957)
at org.testng.internal.invokers.TestInvoker.invokeTestMethods(TestInvoker.java:200)
at org.testng.internal.invokers.TestMethodWorker.invokeTestMethods(TestMethodWorker.java:148)
at org.testng.internal.invokers.TestMethodWorker.run(TestMethodWorker.java:128)
at java.base/java.util.concurrent.ThreadPoolExecutor.runWorker(ThreadPoolExecutor.java:1144)
at java.base/java.util.concurrent.ThreadPoolExecutor$Worker.run(ThreadPoolExecutor.java:642)
at java.base/java.lang.Thread.run(Thread.java:1583)
]]>
            </full-stacktrace>
          </exception> <!-- com.microsoft.playwright.PlaywrightException -->
          <reporter-output>
          </reporter-output>
        </test-method> <!-- login -->
        <test-method signature="Search()[pri:2, instance:com.playwright.testcases.LoginSearchTestonEDGE@5965be2d]" started-at="2024-01-21T23:48:42 IST" name="Search" finished-at="2024-01-21T23:48:55 IST" duration-ms="13074" status="PASS">
          <reporter-output>
          </reporter-output>
        </test-method> <!-- Search -->
        <test-method is-config="true" signature="teardown()[pri:0, instance:com.playwright.testcases.LoginSearchTestonEDGE@5965be2d]" started-at="2024-01-21T23:49:27 IST" name="teardown" finished-at="2024-01-21T23:49:34 IST" duration-ms="6639" status="PASS">
          <reporter-output>
          </reporter-output>
        </test-method> <!-- teardown -->
      </class> <!-- com.playwright.testcases.LoginSearchTestonEDGE -->
      <class name="com.playwright.testcases.LoginSearchTestonChrome">
        <test-method is-config="true" signature="setup()[pri:0, instance:com.playwright.testcases.LoginSearchTestonChrome@7b8b43c7]" started-at="2024-01-21T23:48:18 IST" name="setup" finished-at="2024-01-21T23:48:26 IST" duration-ms="8525" status="PASS">
          <reporter-output>
          </reporter-output>
        </test-method> <!-- setup -->
        <test-method signature="login()[pri:1, instance:com.playwright.testcases.LoginSearchTestonChrome@7b8b43c7]" started-at="2024-01-21T23:48:39 IST" name="login" finished-at="2024-01-21T23:48:42 IST" duration-ms="3295" status="PASS">
          <reporter-output>
          </reporter-output>
        </test-method> <!-- login -->
        <test-method signature="Search()[pri:2, instance:com.playwright.testcases.LoginSearchTestonChrome@7b8b43c7]" started-at="2024-01-21T23:48:42 IST" name="Search" finished-at="2024-01-21T23:48:58 IST" duration-ms="15651" status="PASS">
          <reporter-output>
          </reporter-output>
        </test-method> <!-- Search -->
        <test-method is-config="true" signature="teardown()[pri:0, instance:com.playwright.testcases.LoginSearchTestonChrome@7b8b43c7]" started-at="2024-01-21T23:49:27 IST" name="teardown" finished-at="2024-01-21T23:49:27 IST" duration-ms="387" status="PASS">
          <reporter-output>
          </reporter-output>
        </test-method> <!-- teardown -->
      </class> <!-- com.playwright.testcases.LoginSearchTestonChrome -->
      <class name="com.playwright.testcases.LoginSearchTestonFirefox">
        <test-method is-config="true" signature="setup()[pri:0, instance:com.playwright.testcases.LoginSearchTestonFirefox@7aaca91a]" started-at="2024-01-21T23:48:33 IST" name="setup" finished-at="2024-01-21T23:48:39 IST" duration-ms="6144" status="PASS">
          <reporter-output>
          </reporter-output>
        </test-method> <!-- setup -->
        <test-method signature="login()[pri:1, instance:com.playwright.testcases.LoginSearchTestonFirefox@7aaca91a]" started-at="2024-01-21T23:48:39 IST" name="login" finished-at="2024-01-21T23:48:42 IST" duration-ms="3728" status="PASS">
          <reporter-output>
          </reporter-output>
        </test-method> <!-- login -->
        <test-method signature="Search()[pri:2, instance:com.playwright.testcases.LoginSearchTestonFirefox@7aaca91a]" started-at="2024-01-21T23:48:52 IST" name="Search" finished-at="2024-01-21T23:49:27 IST" duration-ms="35227" status="FAIL">
          <exception class="com.microsoft.playwright.TimeoutError">
            <message>
              <![CDATA[Error {
  message='Timeout 30000ms exceeded.
  name='TimeoutError
  stack='TimeoutError: Timeout 30000ms exceeded.
    at ProgressController.run (C:\Users\91995\AppData\Local\Temp\playwright-java-13558940533788547584\package\lib\server\progress.js:87:26)
    at Frame.click (C:\Users\91995\AppData\Local\Temp\playwright-java-13558940533788547584\package\lib\server\frames.js:995:23)
    at FrameDispatcher.click (C:\Users\91995\AppData\Local\Temp\playwright-java-13558940533788547584\package\lib\server\dispatchers\frameDispatcher.js:152:30)
    at FrameDispatcher._handleCommand (C:\Users\91995\AppData\Local\Temp\playwright-java-13558940533788547584\package\lib\server\dispatchers\dispatcher.js:84:40)
    at DispatcherConnection.dispatch (C:\Users\91995\AppData\Local\Temp\playwright-java-13558940533788547584\package\lib\server\dispatchers\dispatcher.js:351:39)
}
Call log:
- waiting for getByPlaceholder("Search Product")
]]>
            </message>
            <full-stacktrace>
              <![CDATA[com.microsoft.playwright.TimeoutError: Error {
  message='Timeout 30000ms exceeded.
  name='TimeoutError
  stack='TimeoutError: Timeout 30000ms exceeded.
    at ProgressController.run (C:\Users\91995\AppData\Local\Temp\playwright-java-13558940533788547584\package\lib\server\progress.js:87:26)
    at Frame.click (C:\Users\91995\AppData\Local\Temp\playwright-java-13558940533788547584\package\lib\server\frames.js:995:23)
    at FrameDispatcher.click (C:\Users\91995\AppData\Local\Temp\playwright-java-13558940533788547584\package\lib\server\dispatchers\frameDispatcher.js:152:30)
    at FrameDispatcher._handleCommand (C:\Users\91995\AppData\Local\Temp\playwright-java-13558940533788547584\package\lib\server\dispatchers\dispatcher.js:84:40)
    at DispatcherConnection.dispatch (C:\Users\91995\AppData\Local\Temp\playwright-java-13558940533788547584\package\lib\server\dispatchers\dispatcher.js:351:39)
}
Call log:
- waiting for getByPlaceholder("Search Product")

at com.microsoft.playwright.impl.WaitableResult.get(WaitableResult.java:52)
at com.microsoft.playwright.impl.ChannelOwner.runUntil(ChannelOwner.java:120)
at com.microsoft.playwright.impl.Connection.sendMessage(Connection.java:129)
at com.microsoft.playwright.impl.ChannelOwner.sendMessage(ChannelOwner.java:106)
at com.microsoft.playwright.impl.FrameImpl.clickImpl(FrameImpl.java:252)
at com.microsoft.playwright.impl.FrameImpl.lambda$click$8(FrameImpl.java:243)
at com.microsoft.playwright.impl.LoggingSupport.lambda$withLogging$0(LoggingSupport.java:36)
at com.microsoft.playwright.impl.LoggingSupport.withLogging(LoggingSupport.java:47)
at com.microsoft.playwright.impl.ChannelOwner.withLogging(ChannelOwner.java:89)
at com.microsoft.playwright.impl.LoggingSupport.withLogging(LoggingSupport.java:35)
at com.microsoft.playwright.impl.FrameImpl.click(FrameImpl.java:243)
at com.microsoft.playwright.impl.LocatorImpl.click(LocatorImpl.java:140)
at com.microsoft.playwright.Locator.click(Locator.java:2348)
at com.playwright.testcases.LoginSearchTestonFirefox.Search(LoginSearchTestonFirefox.java:53)
at java.base/jdk.internal.reflect.DirectMethodHandleAccessor.invoke(DirectMethodHandleAccessor.java:103)
at java.base/java.lang.reflect.Method.invoke(Method.java:580)
at org.testng.internal.invokers.MethodInvocationHelper.invokeMethod(MethodInvocationHelper.java:139)
at org.testng.internal.invokers.TestInvoker.invokeMethod(TestInvoker.java:664)
at org.testng.internal.invokers.TestInvoker.invokeTestMethod(TestInvoker.java:227)
at org.testng.internal.invokers.MethodRunner.runInSequence(MethodRunner.java:50)
at org.testng.internal.invokers.TestInvoker$MethodInvocationAgent.invoke(TestInvoker.java:957)
at org.testng.internal.invokers.TestInvoker.invokeTestMethods(TestInvoker.java:200)
at org.testng.internal.invokers.TestMethodWorker.invokeTestMethods(TestMethodWorker.java:148)
at org.testng.internal.invokers.TestMethodWorker.run(TestMethodWorker.java:128)
at java.base/java.util.concurrent.ThreadPoolExecutor.runWorker(ThreadPoolExecutor.java:1144)
at java.base/java.util.concurrent.ThreadPoolExecutor$Worker.run(ThreadPoolExecutor.java:642)
at java.base/java.lang.Thread.run(Thread.java:1583)
Caused by: com.microsoft.playwright.TimeoutError: Error {
  message='Timeout 30000ms exceeded.
  name='TimeoutError
  stack='TimeoutError: Timeout 30000ms exceeded.
    at ProgressController.run (C:\Users\91995\AppData\Local\Temp\playwright-java-13558940533788547584\package\lib\server\progress.js:87:26)
    at Frame.click (C:\Users\91995\AppData\Local\Temp\playwright-java-13558940533788547584\package\lib\server\frames.js:995:23)
    at FrameDispatcher.click (C:\Users\91995\AppData\Local\Temp\playwright-java-13558940533788547584\package\lib\server\dispatchers\frameDispatcher.js:152:30)
    at FrameDispatcher._handleCommand (C:\Users\91995\AppData\Local\Temp\playwright-java-13558940533788547584\package\lib\server\dispatchers\dispatcher.js:84:40)
    at DispatcherConnection.dispatch (C:\Users\91995\AppData\Local\Temp\playwright-java-13558940533788547584\package\lib\server\dispatchers\dispatcher.js:351:39)
}
Call log:
- waiting for getByPlaceholder("Search Product")

at com.microsoft.playwright.impl.Connection.dispatch(Connection.java:252)
at com.microsoft.playwright.impl.Connection.processOneMessage(Connection.java:209)
at com.microsoft.playwright.impl.ChannelOwner.runUntil(ChannelOwner.java:118)
... 25 more
]]>
            </full-stacktrace>
          </exception> <!-- com.microsoft.playwright.TimeoutError -->
          <reporter-output>
          </reporter-output>
        </test-method> <!-- Search -->
        <test-method is-config="true" signature="teardown()[pri:0, instance:com.playwright.testcases.LoginSearchTestonFirefox@7aaca91a]" started-at="2024-01-21T23:49:34 IST" name="teardown" finished-at="2024-01-21T23:49:35 IST" duration-ms="639" status="PASS">
          <reporter-output>
          </reporter-output>
        </test-method> <!-- teardown -->
      </class> <!-- com.playwright.testcases.LoginSearchTestonFirefox -->
    </test> <!-- Test -->
  </suite> <!-- Suite -->
</testng-results>
