<?xml version="1.0" encoding="UTF-8"?>
<testng-results ignored="0" total="6" passed="4" failed="2" skipped="0">
  <reporter-output>
  </reporter-output>
  <suite started-at="2024-01-19T23:10:32 IST" name="Suite" finished-at="2024-01-19T23:11:23 IST" duration-ms="51018">
    <groups>
    </groups>
    <test started-at="2024-01-19T23:10:32 IST" name="Test" finished-at="2024-01-19T23:11:23 IST" duration-ms="51018">
      <class name="com.playwright.testcases.LoginSearchTestonChrome">
        <test-method is-config="true" signature="setup()[pri:0, instance:com.playwright.testcases.LoginSearchTestonChrome@b9b00e0]" started-at="2024-01-19T23:10:32 IST" name="setup" finished-at="2024-01-19T23:10:43 IST" duration-ms="11052" status="PASS">
          <reporter-output>
          </reporter-output>
        </test-method> <!-- setup -->
        <test-method signature="login()[pri:1, instance:com.playwright.testcases.LoginSearchTestonChrome@b9b00e0]" started-at="2024-01-19T23:10:50 IST" name="login" finished-at="2024-01-19T23:10:51 IST" duration-ms="1509" status="PASS">
          <reporter-output>
          </reporter-output>
        </test-method> <!-- login -->
        <test-method signature="Search()[pri:2, instance:com.playwright.testcases.LoginSearchTestonChrome@b9b00e0]" started-at="2024-01-19T23:10:51 IST" name="Search" finished-at="2024-01-19T23:11:21 IST" duration-ms="30012" status="FAIL">
          <exception class="com.microsoft.playwright.TimeoutError">
            <message>
              <![CDATA[Error {
  message='Timeout 30000ms exceeded.
  name='TimeoutError
  stack='TimeoutError: Timeout 30000ms exceeded.
    at ProgressController.run (C:\Users\91995\AppData\Local\Temp\playwright-java-12444968829656750977\package\lib\server\progress.js:87:26)
    at Frame.fill (C:\Users\91995\AppData\Local\Temp\playwright-java-12444968829656750977\package\lib\server\frames.js:1039:23)
    at FrameDispatcher.fill (C:\Users\91995\AppData\Local\Temp\playwright-java-12444968829656750977\package\lib\server\dispatchers\frameDispatcher.js:164:30)
    at FrameDispatcher._handleCommand (C:\Users\91995\AppData\Local\Temp\playwright-java-12444968829656750977\package\lib\server\dispatchers\dispatcher.js:84:40)
    at DispatcherConnection.dispatch (C:\Users\91995\AppData\Local\Temp\playwright-java-12444968829656750977\package\lib\server\dispatchers\dispatcher.js:351:39)
}
Call log:
- waiting for getByPlaceholder("Search Amazon.in")
]]>
            </message>
            <full-stacktrace>
              <![CDATA[com.microsoft.playwright.TimeoutError: Error {
  message='Timeout 30000ms exceeded.
  name='TimeoutError
  stack='TimeoutError: Timeout 30000ms exceeded.
    at ProgressController.run (C:\Users\91995\AppData\Local\Temp\playwright-java-12444968829656750977\package\lib\server\progress.js:87:26)
    at Frame.fill (C:\Users\91995\AppData\Local\Temp\playwright-java-12444968829656750977\package\lib\server\frames.js:1039:23)
    at FrameDispatcher.fill (C:\Users\91995\AppData\Local\Temp\playwright-java-12444968829656750977\package\lib\server\dispatchers\frameDispatcher.js:164:30)
    at FrameDispatcher._handleCommand (C:\Users\91995\AppData\Local\Temp\playwright-java-12444968829656750977\package\lib\server\dispatchers\dispatcher.js:84:40)
    at DispatcherConnection.dispatch (C:\Users\91995\AppData\Local\Temp\playwright-java-12444968829656750977\package\lib\server\dispatchers\dispatcher.js:351:39)
}
Call log:
- waiting for getByPlaceholder("Search Amazon.in")

at com.microsoft.playwright.impl.WaitableResult.get(WaitableResult.java:52)
at com.microsoft.playwright.impl.ChannelOwner.runUntil(ChannelOwner.java:120)
at com.microsoft.playwright.impl.Connection.sendMessage(Connection.java:129)
at com.microsoft.playwright.impl.ChannelOwner.sendMessage(ChannelOwner.java:106)
at com.microsoft.playwright.impl.FrameImpl.fillImpl(FrameImpl.java:335)
at com.microsoft.playwright.impl.FrameImpl.lambda$fill$14(FrameImpl.java:325)
at com.microsoft.playwright.impl.LoggingSupport.lambda$withLogging$0(LoggingSupport.java:36)
at com.microsoft.playwright.impl.LoggingSupport.withLogging(LoggingSupport.java:47)
at com.microsoft.playwright.impl.ChannelOwner.withLogging(ChannelOwner.java:89)
at com.microsoft.playwright.impl.LoggingSupport.withLogging(LoggingSupport.java:35)
at com.microsoft.playwright.impl.FrameImpl.fill(FrameImpl.java:325)
at com.microsoft.playwright.impl.LocatorImpl.fill(LocatorImpl.java:210)
at com.microsoft.playwright.Locator.fill(Locator.java:2908)
at com.playwright.testcases.LoginSearchTestonChrome.Search(LoginSearchTestonChrome.java:55)
at java.base/jdk.internal.reflect.DirectMethodHandleAccessor.invoke(DirectMethodHandleAccessor.java:103)
at java.base/java.lang.reflect.Method.invoke(Method.java:580)
at org.testng.internal.invokers.MethodInvocationHelper.invokeMethod(MethodInvocationHelper.java:139)
at org.testng.internal.invokers.TestInvoker.invokeMethod(TestInvoker.java:664)
at org.testng.internal.invokers.TestInvoker.invokeTestMethod(TestInvoker.java:227)
at org.testng.internal.invokers.MethodRunner.runInSequence(MethodRunner.java:50)
at org.testng.internal.invokers.TestInvoker$MethodInvocationAgent.invoke(TestInvoker.java:957)
at org.testng.internal.invokers.TestInvoker.invokeTestMethods(TestInvoker.java:200)
at org.testng.internal.invokers.TestMethodWorker.invokeTestMethods(TestMethodWorker.java:148)
at org.testng.internal.invokers.TestMethodWorker.run(TestMethodWorker.java:128)
at java.base/java.util.concurrent.ThreadPoolExecutor.runWorker(ThreadPoolExecutor.java:1144)
at java.base/java.util.concurrent.ThreadPoolExecutor$Worker.run(ThreadPoolExecutor.java:642)
at java.base/java.lang.Thread.run(Thread.java:1583)
Caused by: com.microsoft.playwright.TimeoutError: Error {
  message='Timeout 30000ms exceeded.
  name='TimeoutError
  stack='TimeoutError: Timeout 30000ms exceeded.
    at ProgressController.run (C:\Users\91995\AppData\Local\Temp\playwright-java-12444968829656750977\package\lib\server\progress.js:87:26)
    at Frame.fill (C:\Users\91995\AppData\Local\Temp\playwright-java-12444968829656750977\package\lib\server\frames.js:1039:23)
    at FrameDispatcher.fill (C:\Users\91995\AppData\Local\Temp\playwright-java-12444968829656750977\package\lib\server\dispatchers\frameDispatcher.js:164:30)
    at FrameDispatcher._handleCommand (C:\Users\91995\AppData\Local\Temp\playwright-java-12444968829656750977\package\lib\server\dispatchers\dispatcher.js:84:40)
    at DispatcherConnection.dispatch (C:\Users\91995\AppData\Local\Temp\playwright-java-12444968829656750977\package\lib\server\dispatchers\dispatcher.js:351:39)
}
Call log:
- waiting for getByPlaceholder("Search Amazon.in")

at com.microsoft.playwright.impl.Connection.dispatch(Connection.java:252)
at com.microsoft.playwright.impl.Connection.processOneMessage(Connection.java:209)
at com.microsoft.playwright.impl.ChannelOwner.runUntil(ChannelOwner.java:118)
... 25 more
]]>
            </full-stacktrace>
          </exception> <!-- com.microsoft.playwright.TimeoutError -->
          <reporter-output>
          </reporter-output>
        </test-method> <!-- Search -->
        <test-method is-config="true" signature="teardown()[pri:0, instance:com.playwright.testcases.LoginSearchTestonChrome@b9b00e0]" started-at="2024-01-19T23:11:21 IST" name="teardown" finished-at="2024-01-19T23:11:21 IST" duration-ms="78" status="PASS">
          <reporter-output>
          </reporter-output>
        </test-method> <!-- teardown -->
      </class> <!-- com.playwright.testcases.LoginSearchTestonChrome -->
      <class name="com.playwright.testcases.LoginSearchTestonEDGE">
        <test-method is-config="true" signature="setup()[pri:0, instance:com.playwright.testcases.LoginSearchTestonEDGE@428640fa]" started-at="2024-01-19T23:10:43 IST" name="setup" finished-at="2024-01-19T23:10:46 IST" duration-ms="2864" status="PASS">
          <reporter-output>
          </reporter-output>
        </test-method> <!-- setup -->
        <test-method signature="login()[pri:1, instance:com.playwright.testcases.LoginSearchTestonEDGE@428640fa]" started-at="2024-01-19T23:10:50 IST" name="login" finished-at="2024-01-19T23:10:51 IST" duration-ms="1540" status="PASS">
          <reporter-output>
          </reporter-output>
        </test-method> <!-- login -->
        <test-method signature="Search()[pri:2, instance:com.playwright.testcases.LoginSearchTestonEDGE@428640fa]" started-at="2024-01-19T23:10:51 IST" name="Search" finished-at="2024-01-19T23:10:51 IST" duration-ms="161" status="FAIL">
          <exception class="com.microsoft.playwright.PlaywrightException">
            <message>
              <![CDATA[Object doesn't exist: response@61c34afdee091d750202ca4a81343ef5]]>
            </message>
            <full-stacktrace>
              <![CDATA[com.microsoft.playwright.PlaywrightException: Object doesn't exist: response@61c34afdee091d750202ca4a81343ef5
at com.microsoft.playwright.impl.Connection.getExistingObject(Connection.java:190)
at com.microsoft.playwright.impl.BrowserContextImpl.handleEvent(BrowserContextImpl.java:735)
at com.microsoft.playwright.impl.Connection.dispatch(Connection.java:290)
at com.microsoft.playwright.impl.Connection.processOneMessage(Connection.java:209)
at com.microsoft.playwright.impl.ChannelOwner.runUntil(ChannelOwner.java:118)
at com.microsoft.playwright.impl.Connection.sendMessage(Connection.java:129)
at com.microsoft.playwright.impl.ChannelOwner.sendMessage(ChannelOwner.java:106)
at com.microsoft.playwright.impl.FrameImpl.fillImpl(FrameImpl.java:335)
at com.microsoft.playwright.impl.FrameImpl.lambda$fill$14(FrameImpl.java:325)
at com.microsoft.playwright.impl.LoggingSupport.lambda$withLogging$0(LoggingSupport.java:36)
at com.microsoft.playwright.impl.LoggingSupport.withLogging(LoggingSupport.java:47)
at com.microsoft.playwright.impl.ChannelOwner.withLogging(ChannelOwner.java:89)
at com.microsoft.playwright.impl.LoggingSupport.withLogging(LoggingSupport.java:35)
at com.microsoft.playwright.impl.FrameImpl.fill(FrameImpl.java:325)
at com.microsoft.playwright.impl.LocatorImpl.fill(LocatorImpl.java:210)
at com.microsoft.playwright.Locator.fill(Locator.java:2908)
at com.playwright.testcases.LoginSearchTestonEDGE.Search(LoginSearchTestonEDGE.java:55)
at java.base/jdk.internal.reflect.DirectMethodHandleAccessor.invoke(DirectMethodHandleAccessor.java:103)
at java.base/java.lang.reflect.Method.invoke(Method.java:580)
at org.testng.internal.invokers.MethodInvocationHelper.invokeMethod(MethodInvocationHelper.java:139)
at org.testng.internal.invokers.TestInvoker.invokeMethod(TestInvoker.java:664)
at org.testng.internal.invokers.TestInvoker.invokeTestMethod(TestInvoker.java:227)
at org.testng.internal.invokers.MethodRunner.runInSequence(MethodRunner.java:50)
at org.testng.internal.invokers.TestInvoker$MethodInvocationAgent.invoke(TestInvoker.java:957)
at org.testng.internal.invokers.TestInvoker.invokeTestMethods(TestInvoker.java:200)
at org.testng.internal.invokers.TestMethodWorker.invokeTestMethods(TestMethodWorker.java:148)
at org.testng.internal.invokers.TestMethodWorker.run(TestMethodWorker.java:128)
at java.base/java.util.concurrent.ThreadPoolExecutor.runWorker(ThreadPoolExecutor.java:1144)
at java.base/java.util.concurrent.ThreadPoolExecutor$Worker.run(ThreadPoolExecutor.java:642)
at java.base/java.lang.Thread.run(Thread.java:1583)
]]>
            </full-stacktrace>
          </exception> <!-- com.microsoft.playwright.PlaywrightException -->
          <reporter-output>
          </reporter-output>
        </test-method> <!-- Search -->
        <test-method is-config="true" signature="teardown()[pri:0, instance:com.playwright.testcases.LoginSearchTestonEDGE@428640fa]" started-at="2024-01-19T23:11:21 IST" name="teardown" finished-at="2024-01-19T23:11:21 IST" duration-ms="86" status="PASS">
          <reporter-output>
          </reporter-output>
        </test-method> <!-- teardown -->
      </class> <!-- com.playwright.testcases.LoginSearchTestonEDGE -->
      <class name="com.playwright.testcases.LoginSearchTestonFirefox">
        <test-method is-config="true" signature="setup()[pri:0, instance:com.playwright.testcases.LoginSearchTestonFirefox@506ae4d4]" started-at="2024-01-19T23:10:46 IST" name="setup" finished-at="2024-01-19T23:10:50 IST" duration-ms="3824" status="PASS">
          <reporter-output>
          </reporter-output>
        </test-method> <!-- setup -->
        <test-method signature="login()[pri:1, instance:com.playwright.testcases.LoginSearchTestonFirefox@506ae4d4]" started-at="2024-01-19T23:10:50 IST" name="login" finished-at="2024-01-19T23:10:51 IST" duration-ms="1161" status="PASS">
          <reporter-output>
          </reporter-output>
        </test-method> <!-- login -->
        <test-method signature="Search()[pri:2, instance:com.playwright.testcases.LoginSearchTestonFirefox@506ae4d4]" started-at="2024-01-19T23:10:51 IST" name="Search" finished-at="2024-01-19T23:10:54 IST" duration-ms="3315" status="PASS">
          <reporter-output>
          </reporter-output>
        </test-method> <!-- Search -->
        <test-method is-config="true" signature="teardown()[pri:0, instance:com.playwright.testcases.LoginSearchTestonFirefox@506ae4d4]" started-at="2024-01-19T23:11:21 IST" name="teardown" finished-at="2024-01-19T23:11:23 IST" duration-ms="1547" status="PASS">
          <reporter-output>
          </reporter-output>
        </test-method> <!-- teardown -->
      </class> <!-- com.playwright.testcases.LoginSearchTestonFirefox -->
    </test> <!-- Test -->
  </suite> <!-- Suite -->
</testng-results>
