<?xml version="1.0" encoding="UTF-8"?>
<testng-results ignored="0" total="2" passed="2" failed="0" skipped="0">
  <reporter-output>
  </reporter-output>
  <suite started-at="2024-01-20T22:15:44 IST" name="Default suite" finished-at="2024-01-20T22:15:55 IST" duration-ms="10968">
    <groups>
    </groups>
    <test started-at="2024-01-20T22:15:44 IST" name="Default test" finished-at="2024-01-20T22:15:55 IST" duration-ms="10968">
      <class name="com.playwright.testcases.LoginSearchTestonEDGE">
        <test-method is-config="true" signature="setup()[pri:0, instance:com.playwright.testcases.LoginSearchTestonEDGE@7164ca4c]" started-at="2024-01-20T22:15:44 IST" name="setup" finished-at="2024-01-20T22:15:50 IST" duration-ms="6013" status="PASS">
          <reporter-output>
          </reporter-output>
        </test-method> <!-- setup -->
        <test-method signature="login()[pri:1, instance:com.playwright.testcases.LoginSearchTestonEDGE@7164ca4c]" started-at="2024-01-20T22:15:50 IST" name="login" finished-at="2024-01-20T22:15:52 IST" duration-ms="2126" status="PASS">
          <reporter-output>
          </reporter-output>
        </test-method> <!-- login -->
        <test-method signature="Search()[pri:2, instance:com.playwright.testcases.LoginSearchTestonEDGE@7164ca4c]" started-at="2024-01-20T22:15:52 IST" name="Search" finished-at="2024-01-20T22:15:55 IST" duration-ms="2676" status="PASS">
          <reporter-output>
          </reporter-output>
        </test-method> <!-- Search -->
        <test-method is-config="true" signature="teardown()[pri:0, instance:com.playwright.testcases.LoginSearchTestonEDGE@7164ca4c]" started-at="2024-01-20T22:15:55 IST" name="teardown" finished-at="2024-01-20T22:15:55 IST" duration-ms="60" status="PASS">
          <reporter-output>
          </reporter-output>
        </test-method> <!-- teardown -->
      </class> <!-- com.playwright.testcases.LoginSearchTestonEDGE -->
    </test> <!-- Default test -->
  </suite> <!-- Default suite -->
</testng-results>
